name: train
run_id: install_deps
env HOME: /home/jupyter
env LANG: C.UTF-8
env TMPDIR: /var/tmp
env TERM: xterm-256color
env LD_LIBRARY_PATH: /usr/local/cuda/lib64:/usr/local/nccl2/lib:/usr/local/cuda/extras/CUPTI/lib64:/opt/conda/lib
env PATH: /home/jupyter/dyson-test/Regression-Model/model-package/.tox/test_package/bin:/usr/local/cuda/bin:/opt/conda/bin:/usr/local/bin:/usr/bin:/bin:/usr/local/games:/usr/games
env PYTHONHASHSEED: 1496031407
env PIP_DISABLE_PIP_VERSION_CHECK: 1
env PYTHONIOENCODING: utf-8
env PYTHONPATH: .
env TOX_ENV_NAME: train
env TOX_WORK_DIR: /home/jupyter/dyson-test/Regression-Model/model-package/.tox
env TOX_ENV_DIR: /home/jupyter/dyson-test/Regression-Model/model-package/.tox/test_package
env VIRTUAL_ENV: /home/jupyter/dyson-test/Regression-Model/model-package/.tox/test_package
env COLUMNS: 144
env LINES: 32
metadata pid: 13791
cwd: /home/jupyter/dyson-test/Regression-Model/model-package
allow: /home/jupyter/dyson-test/Regression-Model/model-package/.tox/test_package/bin/*:train:python
cmd: pip install -r requirements/test_requirements.txt
exit_code: 0
Collecting numpy<2.7.0,>=1.21.0 (from -r requirements/requirements.txt (line 1))
  Using cached numpy-1.26.4-cp310-cp310-manylinux_2_17_x86_64.manylinux2014_x86_64.whl.metadata (61 kB)
Collecting pandas<2.8.0,>=1.3.5 (from -r requirements/requirements.txt (line 2))
  Using cached pandas-2.2.1-cp310-cp310-manylinux_2_17_x86_64.manylinux2014_x86_64.whl.metadata (19 kB)
Collecting pydantic<2.0.0,>=1.8.1 (from -r requirements/requirements.txt (line 3))
  Using cached pydantic-1.10.14-cp310-cp310-manylinux_2_17_x86_64.manylinux2014_x86_64.whl.metadata (150 kB)
Collecting scikit-learn<2.0.0,>=1.1.3 (from -r requirements/requirements.txt (line 4))
  Using cached scikit_learn-1.4.1.post1-cp310-cp310-manylinux_2_17_x86_64.manylinux2014_x86_64.whl.metadata (11 kB)
Collecting strictyaml<2.0.0,>=1.3.2 (from -r requirements/requirements.txt (line 5))
  Using cached strictyaml-1.7.3-py3-none-any.whl.metadata (11 kB)
Collecting ruamel.yaml<1.0.0,>=0.16.12 (from -r requirements/requirements.txt (line 6))
  Using cached ruamel.yaml-0.18.6-py3-none-any.whl.metadata (23 kB)
Collecting feature-engine<1.6.0,>=1.0.2 (from -r requirements/requirements.txt (line 7))
  Using cached feature_engine-1.5.2-py2.py3-none-any.whl.metadata (8.6 kB)
Collecting joblib<2.0.0,>=1.0.1 (from -r requirements/requirements.txt (line 8))
  Using cached joblib-1.3.2-py3-none-any.whl.metadata (5.4 kB)
Collecting pytest<8.0.0,>=7.2.0 (from -r requirements/test_requirements.txt (line 4))
  Using cached pytest-7.4.4-py3-none-any.whl.metadata (7.9 kB)
Collecting python-dateutil>=2.8.2 (from pandas<2.8.0,>=1.3.5->-r requirements/requirements.txt (line 2))
  Using cached python_dateutil-2.9.0.post0-py2.py3-none-any.whl.metadata (8.4 kB)
Collecting pytz>=2020.1 (from pandas<2.8.0,>=1.3.5->-r requirements/requirements.txt (line 2))
  Using cached pytz-2024.1-py2.py3-none-any.whl.metadata (22 kB)
Collecting tzdata>=2022.7 (from pandas<2.8.0,>=1.3.5->-r requirements/requirements.txt (line 2))
  Using cached tzdata-2024.1-py2.py3-none-any.whl.metadata (1.4 kB)
Collecting typing-extensions>=4.2.0 (from pydantic<2.0.0,>=1.8.1->-r requirements/requirements.txt (line 3))
  Using cached typing_extensions-4.10.0-py3-none-any.whl.metadata (3.0 kB)
Collecting scipy>=1.6.0 (from scikit-learn<2.0.0,>=1.1.3->-r requirements/requirements.txt (line 4))
  Using cached scipy-1.12.0-cp310-cp310-manylinux_2_17_x86_64.manylinux2014_x86_64.whl.metadata (60 kB)
Collecting threadpoolctl>=2.0.0 (from scikit-learn<2.0.0,>=1.1.3->-r requirements/requirements.txt (line 4))
  Using cached threadpoolctl-3.4.0-py3-none-any.whl.metadata (13 kB)
Collecting ruamel.yaml.clib>=0.2.7 (from ruamel.yaml<1.0.0,>=0.16.12->-r requirements/requirements.txt (line 6))
  Using cached ruamel.yaml.clib-0.2.8-cp310-cp310-manylinux_2_17_x86_64.manylinux2014_x86_64.manylinux_2_24_x86_64.whl.metadata (2.2 kB)
Collecting statsmodels>=0.11.1 (from feature-engine<1.6.0,>=1.0.2->-r requirements/requirements.txt (line 7))
  Using cached statsmodels-0.14.1-cp310-cp310-manylinux_2_17_x86_64.manylinux2014_x86_64.whl.metadata (9.5 kB)
Collecting iniconfig (from pytest<8.0.0,>=7.2.0->-r requirements/test_requirements.txt (line 4))
  Using cached iniconfig-2.0.0-py3-none-any.whl.metadata (2.6 kB)
Collecting packaging (from pytest<8.0.0,>=7.2.0->-r requirements/test_requirements.txt (line 4))
  Using cached packaging-24.0-py3-none-any.whl.metadata (3.2 kB)
Collecting pluggy<2.0,>=0.12 (from pytest<8.0.0,>=7.2.0->-r requirements/test_requirements.txt (line 4))
  Using cached pluggy-1.4.0-py3-none-any.whl.metadata (4.3 kB)
Collecting exceptiongroup>=1.0.0rc8 (from pytest<8.0.0,>=7.2.0->-r requirements/test_requirements.txt (line 4))
  Using cached exceptiongroup-1.2.0-py3-none-any.whl.metadata (6.6 kB)
Collecting tomli>=1.0.0 (from pytest<8.0.0,>=7.2.0->-r requirements/test_requirements.txt (line 4))
  Using cached tomli-2.0.1-py3-none-any.whl.metadata (8.9 kB)
Collecting six>=1.5 (from python-dateutil>=2.8.2->pandas<2.8.0,>=1.3.5->-r requirements/requirements.txt (line 2))
  Using cached six-1.16.0-py2.py3-none-any.whl.metadata (1.8 kB)
Collecting patsy>=0.5.4 (from statsmodels>=0.11.1->feature-engine<1.6.0,>=1.0.2->-r requirements/requirements.txt (line 7))
  Using cached patsy-0.5.6-py2.py3-none-any.whl.metadata (3.5 kB)
Using cached numpy-1.26.4-cp310-cp310-manylinux_2_17_x86_64.manylinux2014_x86_64.whl (18.2 MB)
Using cached pandas-2.2.1-cp310-cp310-manylinux_2_17_x86_64.manylinux2014_x86_64.whl (13.0 MB)
Using cached pydantic-1.10.14-cp310-cp310-manylinux_2_17_x86_64.manylinux2014_x86_64.whl (3.1 MB)
Using cached scikit_learn-1.4.1.post1-cp310-cp310-manylinux_2_17_x86_64.manylinux2014_x86_64.whl (12.1 MB)
Using cached strictyaml-1.7.3-py3-none-any.whl (123 kB)
Using cached ruamel.yaml-0.18.6-py3-none-any.whl (117 kB)
Using cached feature_engine-1.5.2-py2.py3-none-any.whl (290 kB)
Using cached joblib-1.3.2-py3-none-any.whl (302 kB)
Using cached pytest-7.4.4-py3-none-any.whl (325 kB)
Using cached exceptiongroup-1.2.0-py3-none-any.whl (16 kB)
Using cached pluggy-1.4.0-py3-none-any.whl (20 kB)
Using cached python_dateutil-2.9.0.post0-py2.py3-none-any.whl (229 kB)
Using cached pytz-2024.1-py2.py3-none-any.whl (505 kB)
Using cached ruamel.yaml.clib-0.2.8-cp310-cp310-manylinux_2_17_x86_64.manylinux2014_x86_64.manylinux_2_24_x86_64.whl (526 kB)
Using cached scipy-1.12.0-cp310-cp310-manylinux_2_17_x86_64.manylinux2014_x86_64.whl (38.4 MB)
Using cached statsmodels-0.14.1-cp310-cp310-manylinux_2_17_x86_64.manylinux2014_x86_64.whl (10.8 MB)
Using cached packaging-24.0-py3-none-any.whl (53 kB)
Using cached threadpoolctl-3.4.0-py3-none-any.whl (17 kB)
Using cached tomli-2.0.1-py3-none-any.whl (12 kB)
Using cached typing_extensions-4.10.0-py3-none-any.whl (33 kB)
Using cached tzdata-2024.1-py2.py3-none-any.whl (345 kB)
Using cached iniconfig-2.0.0-py3-none-any.whl (5.9 kB)
Using cached patsy-0.5.6-py2.py3-none-any.whl (233 kB)
Using cached six-1.16.0-py2.py3-none-any.whl (11 kB)
Installing collected packages: pytz, tzdata, typing-extensions, tomli, threadpoolctl, six, ruamel.yaml.clib, pluggy, packaging, numpy, joblib, iniconfig, exceptiongroup, scipy, ruamel.yaml, python-dateutil, pytest, pydantic, patsy, strictyaml, scikit-learn, pandas, statsmodels, feature-engine
Successfully installed exceptiongroup-1.2.0 feature-engine-1.5.2 iniconfig-2.0.0 joblib-1.3.2 numpy-1.26.4 packaging-24.0 pandas-2.2.1 patsy-0.5.6 pluggy-1.4.0 pydantic-1.10.14 pytest-7.4.4 python-dateutil-2.9.0.post0 pytz-2024.1 ruamel.yaml-0.18.6 ruamel.yaml.clib-0.2.8 scikit-learn-1.4.1.post1 scipy-1.12.0 six-1.16.0 statsmodels-0.14.1 strictyaml-1.7.3 threadpoolctl-3.4.0 tomli-2.0.1 typing-extensions-4.10.0 tzdata-2024.1
