name: publish_model
run_id: commands[0]
env GEMFURY_PUSH_URL: https://keiSSUskpscYsX2nrYrz:@pypi.fury.io/aaka/
env HOME: /home/jupyter
env LANG: C.UTF-8
env TMPDIR: /var/tmp
env TERM: xterm-256color
env LD_LIBRARY_PATH: /usr/local/cuda/lib64:/usr/local/nccl2/lib:/usr/local/cuda/extras/CUPTI/lib64:/opt/conda/lib
env PATH: /home/jupyter/dyson-test/Regression-Model/model-package/.tox/test_package/bin:/usr/local/cuda/bin:/opt/conda/bin:/usr/local/bin:/usr/bin:/bin:/usr/local/games:/usr/games
env PYTHONHASHSEED: 146135893
env PIP_DISABLE_PIP_VERSION_CHECK: 1
env PYTHONIOENCODING: utf-8
env PYTHONPATH: .
env TOX_ENV_NAME: publish_model
env TOX_WORK_DIR: /home/jupyter/dyson-test/Regression-Model/model-package/.tox
env TOX_ENV_DIR: /home/jupyter/dyson-test/Regression-Model/model-package/.tox/test_package
env VIRTUAL_ENV: /home/jupyter/dyson-test/Regression-Model/model-package/.tox/test_package
env COLUMNS: 144
env LINES: 32
metadata pid: 14623
cwd: /home/jupyter/dyson-test/Regression-Model/model-package
allow: *
cmd: python regression_model/train_pipeline.py
exit_code: 0
